INFO     - 2024-06-23 20:27:22,392. В модуле "Company" в строке 029 функция "reade_json_file()" в 1719149242.3922193 секунд записала сообщение: Файл успешно прочитан.
INFO     - 2024-06-23 20:27:22,392. В модуле "Company" в строке 040 функция "login()" в 1719149242.3927245 секунд записала сообщение: Авторизация пользователя
INFO     - 2024-06-23 20:27:22,392. В модуле "Company" в строке 049 функция "login()" в 1719149242.3927245 секунд записала сообщение: Авторизация пользователя, Сергей c user_ID = 17, прошла успешно!
INFO     - 2024-06-23 20:27:22,392. В модуле "Company" в строке 067 функция "add_user()" в 1719149242.3927245 секунд записала сообщение: Добавление нового пользователя
INFO     - 2024-06-23 20:27:22,392. В модуле "Company" в строке 075 функция "add_user()" в 1719149242.3927245 секунд записала сообщение: Пользователь Светлана добавлен в базу пользователей
INFO     - 2024-06-23 20:29:07,636. В модуле "Company" в строке 029 функция "reade_json_file()" в 1719149347.63664 секунд записала сообщение: Файл успешно прочитан.
INFO     - 2024-06-23 20:29:07,636. В модуле "Company" в строке 040 функция "login()" в 1719149347.63664 секунд записала сообщение: Авторизация пользователя
INFO     - 2024-06-23 20:29:07,636. В модуле "Company" в строке 049 функция "login()" в 1719149347.63664 секунд записала сообщение: Авторизация пользователя, Сергей c user_ID = 17, прошла успешно!
INFO     - 2024-06-23 20:29:07,636. В модуле "Company" в строке 067 функция "add_user()" в 1719149347.63664 секунд записала сообщение: Добавление нового пользователя
INFO     - 2024-06-23 20:29:07,636. В модуле "Company" в строке 075 функция "add_user()" в 1719149347.63664 секунд записала сообщение: Пользователь Светлана добавлен в базу пользователей
INFO     - 2024-06-23 20:29:37,846. В модуле "Company" в строке 029 функция "reade_json_file()" в 1719149377.8466268 секунд записала сообщение: Файл успешно прочитан.
INFO     - 2024-06-23 20:29:37,846. В модуле "Company" в строке 040 функция "login()" в 1719149377.8466268 секунд записала сообщение: Авторизация пользователя
INFO     - 2024-06-23 20:29:37,847. В модуле "Company" в строке 049 функция "login()" в 1719149377.8476267 секунд записала сообщение: Авторизация пользователя, Сергей c user_ID = 17, прошла успешно!
INFO     - 2024-06-23 20:29:37,847. В модуле "Company" в строке 067 функция "add_user()" в 1719149377.8476267 секунд записала сообщение: Добавление нового пользователя
INFO     - 2024-06-23 20:29:37,847. В модуле "Company" в строке 075 функция "add_user()" в 1719149377.8476267 секунд записала сообщение: Пользователь Светлана добавлен в базу пользователей
INFO     - 2024-06-23 20:32:26,844. В модуле "Company" в строке 031 функция "reade_json_file()" в 1719149546.844479 секунд записала сообщение: Файл успешно прочитан.
INFO     - 2024-06-23 20:32:35,385. В модуле "Company" в строке 031 функция "reade_json_file()" в 1719149555.3857853 секунд записала сообщение: Файл успешно прочитан.
INFO     - 2024-06-23 20:33:02,775. В модуле "Company" в строке 031 функция "reade_json_file()" в 1719149582.7756069 секунд записала сообщение: Файл успешно прочитан.
INFO     - 2024-06-23 20:33:11,367. В модуле "Company" в строке 043 функция "login()" в 1719149591.3672032 секунд записала сообщение: Авторизация пользователя
INFO     - 2024-06-23 20:33:11,367. В модуле "Company" в строке 053 функция "login()" в 1719149591.3672032 секунд записала сообщение: Авторизация пользователя, Сергей c user_ID = 17, прошла успешно!
INFO     - 2024-06-23 20:33:19,347. В модуле "Company" в строке 075 функция "add_user()" в 1719149599.3473284 секунд записала сообщение: Добавление нового пользователя
INFO     - 2024-06-23 20:33:19,348. В модуле "Company" в строке 085 функция "add_user()" в 1719149599.348745 секунд записала сообщение: Пользователь Светлана добавлен в базу пользователей
INFO     - 2024-06-23 20:40:30,765. В модуле "Company" в строке 031 функция "reade_json_file()" в 1719150030.7657626 секунд записала сообщение: Файл успешно прочитан.
